service/app/build/intermediates/manifest_merge_blame_file/debug/manifest-merger-blame-debug-report.txt
1<?xml version="1.0" encoding="utf-8"?>
2<manifest xmlns:android="http://schemas.android.com/apk/res/android"
3    package="hunseong.com.service"
4    android:versionCode="1"
5    android:versionName="1.0" >
6
7    <uses-sdk
8        android:minSdkVersion="23"
8-->src/main/AndroidManifest.xml
9        android:targetSdkVersion="31" />
9-->src/main/AndroidManifest.xml
10
11    <uses-permission android:name="android.permission.FOREGROUND_SERVICE" />
11-->src/main/AndroidManifest.xml:5:5-76
11-->src/main/AndroidManifest.xml:5:22-74
12
13    <application
13-->src/main/AndroidManifest.xml:7:5-35:19
14        android:allowBackup="true"
14-->src/main/AndroidManifest.xml:8:9-35
15        android:appComponentFactory="androidx.core.app.CoreComponentFactory"
15-->[androidx.core:core:1.7.0] AndroidManifest.xml:24:18-86
16        android:debuggable="true"
17        android:extractNativeLibs="false"
18        android:icon="@mipmap/ic_launcher"
18-->src/main/AndroidManifest.xml:9:9-43
19        android:label="@string/app_name"
19-->src/main/AndroidManifest.xml:10:9-41
20        android:roundIcon="@mipmap/ic_launcher_round"
20-->src/main/AndroidManifest.xml:11:9-54
21        android:supportsRtl="true"
21-->src/main/AndroidManifest.xml:12:9-35
22        android:testOnly="true"
23        android:theme="@style/Theme.Service" >
23-->src/main/AndroidManifest.xml:13:9-45
24        <activity
24-->src/main/AndroidManifest.xml:14:9-21:20
25            android:name="hunseong.com.service.MainActivity"
25-->src/main/AndroidManifest.xml:14:19-47
26            android:exported="true" >
26-->src/main/AndroidManifest.xml:15:13-36
27            <intent-filter>
27-->src/main/AndroidManifest.xml:16:13-20:29
28                <action android:name="android.intent.action.MAIN" />
28-->src/main/AndroidManifest.xml:17:17-69
28-->src/main/AndroidManifest.xml:17:25-66
29
30                <category android:name="android.intent.category.LAUNCHER" />
30-->src/main/AndroidManifest.xml:19:17-77
30-->src/main/AndroidManifest.xml:19:27-74
31            </intent-filter>
32        </activity>
33
34        <service
34-->src/main/AndroidManifest.xml:22:9-24:38
35            android:name="hunseong.com.service.MyService"
35-->src/main/AndroidManifest.xml:22:18-43
36            android:enabled="true"
36-->src/main/AndroidManifest.xml:23:13-35
37            android:exported="true" />
37-->src/main/AndroidManifest.xml:24:13-36
38        <service
38-->src/main/AndroidManifest.xml:25:9-27:38
39            android:name="hunseong.com.service.MyForegroundService"
39-->src/main/AndroidManifest.xml:25:18-53
40            android:enabled="true"
40-->src/main/AndroidManifest.xml:26:13-35
41            android:exported="true" />
41-->src/main/AndroidManifest.xml:27:13-36
42        <service
42-->src/main/AndroidManifest.xml:28:9-30:38
43            android:name="hunseong.com.service.MyBinderExtendedService"
43-->src/main/AndroidManifest.xml:28:18-57
44            android:enabled="true"
44-->src/main/AndroidManifest.xml:29:13-35
45            android:exported="true" />
45-->src/main/AndroidManifest.xml:30:13-36
46        <service
46-->src/main/AndroidManifest.xml:31:9-34:15
47            android:name="hunseong.com.service.MyMessengerIPCService"
47-->src/main/AndroidManifest.xml:31:18-55
48            android:enabled="true"
48-->src/main/AndroidManifest.xml:32:13-35
49            android:exported="true" />
49-->src/main/AndroidManifest.xml:33:13-36
50    </application>
51
52</manifest>